<?xml version="1.0" encoding="UTF-8"?>
<TestRun id="bf3e784a-e00e-471c-9e8e-61736ff5f650" name="sdutta6@SPDEV17 2017-10-04 05:29:18" runUser="CORP\sdutta6" xmlns="http://microsoft.com/schemas/VisualStudio/TeamTest/2010">
  <TestSettings name="Local" id="9d664a37-3663-4ed8-900d-e2fd8c6d8274">
    <Description>These are default test settings for a local test run.</Description>
    <Deployment enabled="false" runDeploymentRoot="sdutta6_SPDEV17 2017-10-04 05_29_18" />
    <Execution>
      <TestTypeSpecific />
      <AgentRule name="Execution Agents">
      </AgentRule>
    </Execution>
  </TestSettings>
  <Times creation="2017-10-04T05:29:18.7512025-04:00" queuing="2017-10-04T05:29:26.2329351-04:00" start="2017-10-04T05:29:26.5122427-04:00" finish="2017-10-04T05:29:27.9976513-04:00" />
  <ResultSummary outcome="Completed">
    <Counters total="1" executed="1" passed="1" error="0" failed="0" timeout="0" aborted="0" inconclusive="0" passedButRunAborted="0" notRunnable="0" notExecuted="0" disconnected="0" warning="0" completed="0" inProgress="0" pending="0" />
  </ResultSummary>
  <TestDefinitions>
    <UnitTest name="TestMethod1" storage="c:\users\sdutta6\documents\visual studio 2010\projects\biogen.soatest\biogen.soatest\bin\debug\biogen.soatest.dll" id="3965a130-68b1-91a2-a631-e5ad3c9c8eab">
      <Execution id="3646d8e5-2f2f-40bf-a070-40318517ab20" />
      <TestMethod codeBase="c:/users/sdutta6/documents/visual studio 2010/Projects/Biogen.SOATest/Biogen.SOATest/bin/Debug/Biogen.SOATest.DLL" adapterTypeName="Microsoft.VisualStudio.TestTools.TestTypes.Unit.UnitTestAdapter, Microsoft.VisualStudio.QualityTools.Tips.UnitTest.Adapter, Version=10.0.0.0, Culture=neutral, PublicKeyToken=b03f5f7f11d50a3a" className="Biogen.SOATest.UserRolesService, Biogen.SOATest, Version=1.0.0.0, Culture=neutral, PublicKeyToken=null" name="TestMethod1" />
    </UnitTest>
  </TestDefinitions>
  <TestLists>
    <TestList name="Results Not in a List" id="8c84fa94-04c1-424b-9868-57a2d4851a1d" />
    <TestList name="All Loaded Results" id="19431567-8539-422a-85d7-44ee4e166bda" />
  </TestLists>
  <TestEntries>
    <TestEntry testId="3965a130-68b1-91a2-a631-e5ad3c9c8eab" executionId="3646d8e5-2f2f-40bf-a070-40318517ab20" testListId="8c84fa94-04c1-424b-9868-57a2d4851a1d" />
  </TestEntries>
  <Results>
    <UnitTestResult executionId="3646d8e5-2f2f-40bf-a070-40318517ab20" testId="3965a130-68b1-91a2-a631-e5ad3c9c8eab" testName="TestMethod1" computerName="SPDEV17" duration="00:00:00.0102264" startTime="2017-10-04T05:29:26.6323645-04:00" endTime="2017-10-04T05:29:27.6480285-04:00" testType="13cdc9d9-ddb5-4fa4-a97d-d965ccfc6d4b" outcome="Passed" testListId="8c84fa94-04c1-424b-9868-57a2d4851a1d" relativeResultsDirectory="3646d8e5-2f2f-40bf-a070-40318517ab20">
    </UnitTestResult>
  </Results>
</TestRun>